2024-02-23T14:09:21.840+03:00  INFO 5040 --- [main] c.e.socialweb.SocialWebApplication       : Starting SocialWebApplication using Java 20.0.2 with PID 5040 (C:\Users\Egor228\Desktop\git_sw\SocialWeb\target\classes started by Egor228 in C:\Users\Egor228\Desktop\git_sw\SocialWeb)
2024-02-23T14:09:21.842+03:00 DEBUG 5040 --- [main] c.e.socialweb.SocialWebApplication       : Running with Spring Boot v3.1.5, Spring v6.0.13
2024-02-23T14:09:21.843+03:00  INFO 5040 --- [main] c.e.socialweb.SocialWebApplication       : No active profile set, falling back to 1 default profile: "default"
2024-02-23T14:09:22.901+03:00  INFO 5040 --- [main] .s.d.r.c.RepositoryConfigurationDelegate : Bootstrapping Spring Data JPA repositories in DEFAULT mode.
2024-02-23T14:09:23.021+03:00  INFO 5040 --- [main] .s.d.r.c.RepositoryConfigurationDelegate : Finished Spring Data repository scanning in 110 ms. Found 7 JPA repository interfaces.
2024-02-23T14:09:24.079+03:00  INFO 5040 --- [main] o.s.b.w.embedded.tomcat.TomcatWebServer  : Tomcat initialized with port(s): 8080 (http)
2024-02-23T14:09:24.089+03:00  INFO 5040 --- [main] o.apache.catalina.core.StandardService   : Starting service [Tomcat]
2024-02-23T14:09:24.090+03:00  INFO 5040 --- [main] o.apache.catalina.core.StandardEngine    : Starting Servlet engine: [Apache Tomcat/10.1.15]
2024-02-23T14:09:24.198+03:00  INFO 5040 --- [main] o.a.c.c.C.[Tomcat].[localhost].[/]       : Initializing Spring embedded WebApplicationContext
2024-02-23T14:09:24.199+03:00  INFO 5040 --- [main] w.s.c.ServletWebServerApplicationContext : Root WebApplicationContext: initialization completed in 2287 ms
2024-02-23T14:09:24.493+03:00  INFO 5040 --- [main] o.hibernate.jpa.internal.util.LogHelper  : HHH000204: Processing PersistenceUnitInfo [name: default]
2024-02-23T14:09:24.565+03:00  INFO 5040 --- [main] org.hibernate.Version                    : HHH000412: Hibernate ORM core version 6.2.13.Final
2024-02-23T14:09:24.569+03:00  INFO 5040 --- [main] org.hibernate.cfg.Environment            : HHH000406: Using bytecode reflection optimizer
2024-02-23T14:09:24.959+03:00  INFO 5040 --- [main] o.s.o.j.p.SpringPersistenceUnitInfo      : No LoadTimeWeaver setup: ignoring JPA class transformer
2024-02-23T14:09:24.997+03:00  INFO 5040 --- [main] com.zaxxer.hikari.HikariDataSource       : bestuser - Starting...
2024-02-23T14:09:25.398+03:00  INFO 5040 --- [main] com.zaxxer.hikari.pool.HikariPool        : bestuser - Added connection com.mysql.cj.jdbc.ConnectionImpl@4df0d9f8
2024-02-23T14:09:25.401+03:00  INFO 5040 --- [main] com.zaxxer.hikari.HikariDataSource       : bestuser - Start completed.
2024-02-23T14:09:25.518+03:00  WARN 5040 --- [main] org.hibernate.orm.deprecation            : HHH90000025: MySQLDialect does not need to be specified explicitly using 'hibernate.dialect' (remove the property setting and it will be selected by default)
2024-02-23T14:09:26.835+03:00  INFO 5040 --- [main] o.h.e.t.j.p.i.JtaPlatformInitiator       : HHH000489: No JTA platform available (set 'hibernate.transaction.jta.platform' to enable JTA platform integration)
2024-02-23T14:09:27.044+03:00  INFO 5040 --- [main] j.LocalContainerEntityManagerFactoryBean : Initialized JPA EntityManagerFactory for persistence unit 'default'
2024-02-23T14:09:27.772+03:00 DEBUG 5040 --- [main] c.e.s.c.security.jwt.TokenFilter         : Filter 'tokenFilter' configured for use
2024-02-23T14:09:28.520+03:00  WARN 5040 --- [main] JpaBaseConfiguration$JpaWebConfiguration : spring.jpa.open-in-view is enabled by default. Therefore, database queries may be performed during view rendering. Explicitly configure spring.jpa.open-in-view to disable this warning
2024-02-23T14:09:29.177+03:00  INFO 5040 --- [main] o.s.s.web.DefaultSecurityFilterChain     : Will secure any request with [org.springframework.security.web.session.DisableEncodeUrlFilter@1f8ac459, org.springframework.security.web.context.request.async.WebAsyncManagerIntegrationFilter@7d43c89f, org.springframework.security.web.context.SecurityContextHolderFilter@2a41d17a, org.springframework.security.web.header.HeaderWriterFilter@5dd5422f, org.springframework.security.web.authentication.logout.LogoutFilter@4e58eda2, com.example.socialweb.configurations.security.jwt.TokenFilter@113e6e06, org.springframework.security.web.savedrequest.RequestCacheAwareFilter@3b22bcad, org.springframework.security.web.servletapi.SecurityContextHolderAwareRequestFilter@c3e5e3c, org.springframework.security.web.authentication.AnonymousAuthenticationFilter@149ef64a, org.springframework.security.web.session.SessionManagementFilter@73b034ca, org.springframework.security.web.access.ExceptionTranslationFilter@4b407ac7, org.springframework.security.web.access.intercept.AuthorizationFilter@5fb58f15]
2024-02-23T14:09:29.504+03:00  WARN 5040 --- [main] ion$DefaultTemplateResolverConfiguration : Cannot find template location: classpath:/templates/ (please add some templates, check your Thymeleaf configuration, or set spring.thymeleaf.check-template-location=false)
2024-02-23T14:09:29.856+03:00  INFO 5040 --- [main] o.s.b.w.embedded.tomcat.TomcatWebServer  : Tomcat started on port(s): 8080 (http) with context path ''
2024-02-23T14:09:29.867+03:00  INFO 5040 --- [main] c.e.socialweb.SocialWebApplication       : Started SocialWebApplication in 8.605 seconds (process running for 9.56)
2024-02-23T14:09:38.802+03:00  INFO 5040 --- [SpringApplicationShutdownHook] j.LocalContainerEntityManagerFactoryBean : Closing JPA EntityManagerFactory for persistence unit 'default'
2024-02-23T14:09:38.804+03:00  INFO 5040 --- [SpringApplicationShutdownHook] com.zaxxer.hikari.HikariDataSource       : bestuser - Shutdown initiated...
2024-02-23T14:09:38.810+03:00  INFO 5040 --- [SpringApplicationShutdownHook] com.zaxxer.hikari.HikariDataSource       : bestuser - Shutdown completed.
sss2024-02-23T14:09:51.945+03:00  INFO 748 --- [main] c.e.socialweb.SocialWebApplication       : Starting SocialWebApplication using Java 20.0.2 with PID 748 (C:\Users\Egor228\Desktop\git_sw\SocialWeb\target\classes started by Egor228 in C:\Users\Egor228\Desktop\git_sw\SocialWeb)
2024-02-23T14:09:51.947+03:00 DEBUG 748 --- [main] c.e.socialweb.SocialWebApplication       : Running with Spring Boot v3.1.5, Spring v6.0.13
2024-02-23T14:09:51.947+03:00  INFO 748 --- [main] c.e.socialweb.SocialWebApplication       : No active profile set, falling back to 1 default profile: "default"
2024-02-23T14:09:53.016+03:00  INFO 748 --- [main] .s.d.r.c.RepositoryConfigurationDelegate : Bootstrapping Spring Data JPA repositories in DEFAULT mode.
2024-02-23T14:09:53.155+03:00  INFO 748 --- [main] .s.d.r.c.RepositoryConfigurationDelegate : Finished Spring Data repository scanning in 113 ms. Found 7 JPA repository interfaces.
2024-02-23T14:09:54.739+03:00  INFO 748 --- [main] o.s.b.w.embedded.tomcat.TomcatWebServer  : Tomcat initialized with port(s): 8080 (http)
2024-02-23T14:09:54.751+03:00  INFO 748 --- [main] o.apache.catalina.core.StandardService   : Starting service [Tomcat]
2024-02-23T14:09:54.751+03:00  INFO 748 --- [main] o.apache.catalina.core.StandardEngine    : Starting Servlet engine: [Apache Tomcat/10.1.15]
2024-02-23T14:09:55.070+03:00  INFO 748 --- [main] o.a.c.c.C.[Tomcat].[localhost].[/]       : Initializing Spring embedded WebApplicationContext
2024-02-23T14:09:55.071+03:00  INFO 748 --- [main] w.s.c.ServletWebServerApplicationContext : Root WebApplicationContext: initialization completed in 3048 ms
2024-02-23T14:09:55.437+03:00  INFO 748 --- [main] o.hibernate.jpa.internal.util.LogHelper  : HHH000204: Processing PersistenceUnitInfo [name: default]
2024-02-23T14:09:55.539+03:00  INFO 748 --- [main] org.hibernate.Version                    : HHH000412: Hibernate ORM core version 6.2.13.Final
2024-02-23T14:09:55.542+03:00  INFO 748 --- [main] org.hibernate.cfg.Environment            : HHH000406: Using bytecode reflection optimizer
2024-02-23T14:09:56.041+03:00  INFO 748 --- [main] o.s.o.j.p.SpringPersistenceUnitInfo      : No LoadTimeWeaver setup: ignoring JPA class transformer
2024-02-23T14:09:56.074+03:00  INFO 748 --- [main] com.zaxxer.hikari.HikariDataSource       : bestuser - Starting...
2024-02-23T14:09:56.474+03:00  INFO 748 --- [main] com.zaxxer.hikari.pool.HikariPool        : bestuser - Added connection com.mysql.cj.jdbc.ConnectionImpl@269c7104
2024-02-23T14:09:56.476+03:00  INFO 748 --- [main] com.zaxxer.hikari.HikariDataSource       : bestuser - Start completed.
2024-02-23T14:09:56.539+03:00  WARN 748 --- [main] org.hibernate.orm.deprecation            : HHH90000025: MySQLDialect does not need to be specified explicitly using 'hibernate.dialect' (remove the property setting and it will be selected by default)
2024-02-23T14:09:57.890+03:00  INFO 748 --- [main] o.h.e.t.j.p.i.JtaPlatformInitiator       : HHH000489: No JTA platform available (set 'hibernate.transaction.jta.platform' to enable JTA platform integration)
2024-02-23T14:09:58.212+03:00  INFO 748 --- [main] j.LocalContainerEntityManagerFactoryBean : Initialized JPA EntityManagerFactory for persistence unit 'default'
2024-02-23T14:09:58.918+03:00 DEBUG 748 --- [main] c.e.s.c.security.jwt.TokenFilter         : Filter 'tokenFilter' configured for use
2024-02-23T14:09:59.702+03:00  WARN 748 --- [main] JpaBaseConfiguration$JpaWebConfiguration : spring.jpa.open-in-view is enabled by default. Therefore, database queries may be performed during view rendering. Explicitly configure spring.jpa.open-in-view to disable this warning
2024-02-23T14:10:00.325+03:00  INFO 748 --- [main] o.s.s.web.DefaultSecurityFilterChain     : Will secure any request with [org.springframework.security.web.session.DisableEncodeUrlFilter@67201eeb, org.springframework.security.web.context.request.async.WebAsyncManagerIntegrationFilter@2e41b65a, org.springframework.security.web.context.SecurityContextHolderFilter@735dc133, org.springframework.security.web.header.HeaderWriterFilter@1cd853ee, org.springframework.security.web.authentication.logout.LogoutFilter@49d5c751, com.example.socialweb.configurations.security.jwt.TokenFilter@f9979cf, org.springframework.security.web.savedrequest.RequestCacheAwareFilter@2257590f, org.springframework.security.web.servletapi.SecurityContextHolderAwareRequestFilter@462deb2b, org.springframework.security.web.authentication.AnonymousAuthenticationFilter@4d25943d, org.springframework.security.web.session.SessionManagementFilter@2a41d17a, org.springframework.security.web.access.ExceptionTranslationFilter@5dd5422f, org.springframework.security.web.access.intercept.AuthorizationFilter@149ef64a]
2024-02-23T14:10:00.656+03:00  WARN 748 --- [main] ion$DefaultTemplateResolverConfiguration : Cannot find template location: classpath:/templates/ (please add some templates, check your Thymeleaf configuration, or set spring.thymeleaf.check-template-location=false)
2024-02-23T14:10:01.024+03:00  INFO 748 --- [main] o.s.b.w.embedded.tomcat.TomcatWebServer  : Tomcat started on port(s): 8080 (http) with context path ''
2024-02-23T14:10:01.035+03:00  INFO 748 --- [main] c.e.socialweb.SocialWebApplication       : Started SocialWebApplication in 9.702 seconds (process running for 10.635)
2024-02-23T14:10:09.592+03:00  INFO 748 --- [SpringApplicationShutdownHook] j.LocalContainerEntityManagerFactoryBean : Closing JPA EntityManagerFactory for persistence unit 'default'
2024-02-23T14:10:09.594+03:00  INFO 748 --- [SpringApplicationShutdownHook] com.zaxxer.hikari.HikariDataSource       : bestuser - Shutdown initiated...
2024-02-23T14:10:09.601+03:00  INFO 748 --- [SpringApplicationShutdownHook] com.zaxxer.hikari.HikariDataSource       : bestuser - Shutdown completed.
